[collect] task=f1tenth_Oschersleben ckpt=/home/dlacksdn/f1tenth_RL_project/runs/cap10_oschersleben/step_45k.pt v_max=8.0 episodes=300 out=/home/dlacksdn/f1tenth_RL_project/runs/crash_data/cap8_jitter
[collect] eval_state_mean=False device=cpu envs=1 parallel=False (stochastic latent+action)
[collect] save_complete=True max_env_steps=9000 time_limit=9000
Encoder CNN shapes: {}
Encoder LIDAR shapes: {'lidar': (1080,)}
Encoder MLP shapes: {'state': (5,)}
Decoder CNN shapes: {}
Decoder LIDAR shapes: {'lidar': (1080,)}
Decoder MLP shapes: {'state': (5,)}
Optimizer model_opt has 11689126 variables.
Optimizer actor_opt has 460804 variables.
Optimizer value_opt has 525311 variables.
[eval_gate] state_dict load: missing=0 unexpected=0 (partial snapshot이면 value/_slow_value 등 missing 정상)
[collect] start_jitter=0.3 jitter_seed=1 default_pose=[0.07022450119256973, 0.3002980947494507, 2.797869920730591]
[collect] ep 1/300: cause=collision len=2393 saved=True (collision=1 complete=0)
[collect] ep 2/300: cause=collision len=2214 saved=True (collision=2 complete=0)
[collect] ep 3/300: cause=lap_complete len=3464 saved=True (collision=2 complete=1)
[collect] ep 4/300: cause=collision len=514 saved=True (collision=3 complete=1)
[collect] ep 5/300: cause=collision len=510 saved=True (collision=4 complete=1)
[collect] ep 6/300: cause=collision len=2214 saved=True (collision=5 complete=1)
[collect] ep 7/300: cause=collision len=2444 saved=True (collision=6 complete=1)
[collect] ep 8/300: cause=collision len=735 saved=True (collision=7 complete=1)
[collect] ep 9/300: cause=collision len=954 saved=True (collision=8 complete=1)
[collect] ep 10/300: cause=collision len=779 saved=True (collision=9 complete=1)
[collect] ep 11/300: cause=collision len=690 saved=True (collision=10 complete=1)
[collect] ep 12/300: cause=collision len=739 saved=True (collision=11 complete=1)
[collect] ep 13/300: cause=collision len=2439 saved=True (collision=12 complete=1)
[collect] ep 14/300: cause=collision len=513 saved=True (collision=13 complete=1)
[collect] ep 15/300: cause=collision len=782 saved=True (collision=14 complete=1)
[collect] ep 16/300: cause=collision len=735 saved=True (collision=15 complete=1)
[collect] ep 17/300: cause=collision len=785 saved=True (collision=16 complete=1)
[collect] ep 18/300: cause=collision len=2184 saved=True (collision=17 complete=1)
[collect] ep 19/300: cause=collision len=229 saved=True (collision=18 complete=1)
[collect] ep 20/300: cause=collision len=1933 saved=True (collision=19 complete=1)
[collect] ep 21/300: cause=collision len=743 saved=True (collision=20 complete=1)
[collect] ep 22/300: cause=collision len=831 saved=True (collision=21 complete=1)
[collect] ep 23/300: cause=collision len=741 saved=True (collision=22 complete=1)
[collect] ep 24/300: cause=collision len=483 saved=True (collision=23 complete=1)
[collect] ep 25/300: cause=collision len=783 saved=True (collision=24 complete=1)
[collect] ep 26/300: cause=collision len=742 saved=True (collision=25 complete=1)
[collect] ep 27/300: cause=collision len=1037 saved=True (collision=26 complete=1)
[collect] ep 28/300: cause=collision len=693 saved=True (collision=27 complete=1)
[collect] ep 29/300: cause=collision len=2486 saved=True (collision=28 complete=1)
[collect] ep 30/300: cause=collision len=485 saved=True (collision=29 complete=1)
[collect] ep 31/300: cause=lap_complete len=3461 saved=True (collision=29 complete=2)
[collect] ep 32/300: cause=collision len=737 saved=True (collision=30 complete=2)
[collect] ep 33/300: cause=collision len=778 saved=True (collision=31 complete=2)
[collect] ep 34/300: cause=collision len=950 saved=True (collision=32 complete=2)
[collect] ep 35/300: cause=collision len=736 saved=True (collision=33 complete=2)
[collect] ep 36/300: cause=collision len=497 saved=True (collision=34 complete=2)
[collect] ep 37/300: cause=collision len=2723 saved=True (collision=35 complete=2)
[collect] ep 38/300: cause=collision len=690 saved=True (collision=36 complete=2)
[collect] ep 39/300: cause=collision len=730 saved=True (collision=37 complete=2)
[collect] ep 40/300: cause=collision len=955 saved=True (collision=38 complete=2)
[collect] ep 41/300: cause=collision len=496 saved=True (collision=39 complete=2)
[collect] ep 42/300: cause=collision len=729 saved=True (collision=40 complete=2)
[collect] ep 43/300: cause=collision len=484 saved=True (collision=41 complete=2)
[collect] ep 44/300: cause=collision len=286 saved=True (collision=42 complete=2)
[collect] ep 45/300: cause=collision len=738 saved=True (collision=43 complete=2)
[collect] ep 46/300: cause=collision len=483 saved=True (collision=44 complete=2)
[collect] ep 47/300: cause=collision len=953 saved=True (collision=45 complete=2)
[collect] ep 48/300: cause=collision len=485 saved=True (collision=46 complete=2)
[collect] ep 49/300: cause=collision len=735 saved=True (collision=47 complete=2)
[collect] ep 50/300: cause=collision len=2483 saved=True (collision=48 complete=2)
[collect] ep 51/300: cause=collision len=2235 saved=True (collision=49 complete=2)
[collect] ep 52/300: cause=collision len=735 saved=True (collision=50 complete=2)
[collect] ep 53/300: cause=collision len=2488 saved=True (collision=51 complete=2)
[collect] ep 54/300: cause=lap_complete len=3450 saved=True (collision=51 complete=3)
[collect] ep 55/300: cause=collision len=479 saved=True (collision=52 complete=3)
[collect] ep 56/300: cause=collision len=696 saved=True (collision=53 complete=3)
[collect] ep 57/300: cause=lap_complete len=3458 saved=True (collision=53 complete=4)
[collect] ep 58/300: cause=lap_complete len=3455 saved=True (collision=53 complete=5)
[collect] ep 59/300: cause=collision len=2201 saved=True (collision=54 complete=5)
[collect] ep 60/300: cause=collision len=735 saved=True (collision=55 complete=5)
[collect] ep 61/300: cause=collision len=497 saved=True (collision=56 complete=5)
[collect] ep 62/300: cause=collision len=738 saved=True (collision=57 complete=5)
[collect] ep 63/300: cause=collision len=230 saved=True (collision=58 complete=5)
[collect] ep 64/300: cause=collision len=780 saved=True (collision=59 complete=5)
[collect] ep 65/300: cause=collision len=735 saved=True (collision=60 complete=5)
[collect] ep 66/300: cause=collision len=508 saved=True (collision=61 complete=5)
[collect] ep 67/300: cause=collision len=227 saved=True (collision=62 complete=5)
[collect] ep 68/300: cause=collision len=689 saved=True (collision=63 complete=5)
[collect] ep 69/300: cause=collision len=737 saved=True (collision=64 complete=5)
[collect] ep 70/300: cause=collision len=2653 saved=True (collision=65 complete=5)
[collect] ep 71/300: cause=lap_complete len=3449 saved=True (collision=65 complete=6)
[collect] ep 72/300: cause=collision len=229 saved=True (collision=66 complete=6)
[collect] ep 73/300: cause=collision len=2424 saved=True (collision=67 complete=6)
[collect] ep 74/300: cause=collision len=734 saved=True (collision=68 complete=6)
[collect] ep 75/300: cause=collision len=2439 saved=True (collision=69 complete=6)
[collect] ep 76/300: cause=collision len=730 saved=True (collision=70 complete=6)
[collect] ep 77/300: cause=collision len=226 saved=True (collision=71 complete=6)
[collect] ep 78/300: cause=collision len=486 saved=True (collision=72 complete=6)
[collect] ep 79/300: cause=collision len=742 saved=True (collision=73 complete=6)
[collect] ep 80/300: cause=collision len=510 saved=True (collision=74 complete=6)
[collect] ep 81/300: cause=collision len=233 saved=True (collision=75 complete=6)
[collect] ep 82/300: cause=collision len=1029 saved=True (collision=76 complete=6)
[collect] ep 83/300: cause=collision len=780 saved=True (collision=77 complete=6)
[collect] ep 84/300: cause=collision len=744 saved=True (collision=78 complete=6)
[collect] ep 85/300: cause=collision len=2387 saved=True (collision=79 complete=6)
[collect] ep 86/300: cause=collision len=741 saved=True (collision=80 complete=6)
[collect] ep 87/300: cause=collision len=498 saved=True (collision=81 complete=6)
[collect] ep 88/300: cause=collision len=486 saved=True (collision=82 complete=6)
[collect] ep 89/300: cause=collision len=1033 saved=True (collision=83 complete=6)
[collect] ep 90/300: cause=collision len=947 saved=True (collision=84 complete=6)
[collect] ep 91/300: cause=collision len=230 saved=True (collision=85 complete=6)
[collect] ep 92/300: cause=lap_complete len=3448 saved=True (collision=85 complete=7)
[collect] ep 93/300: cause=collision len=783 saved=True (collision=86 complete=7)
[collect] ep 94/300: cause=collision len=957 saved=True (collision=87 complete=7)
[collect] ep 95/300: cause=collision len=730 saved=True (collision=88 complete=7)
[collect] ep 96/300: cause=collision len=511 saved=True (collision=89 complete=7)
[collect] ep 97/300: cause=collision len=228 saved=True (collision=90 complete=7)
[collect] ep 98/300: cause=collision len=229 saved=True (collision=91 complete=7)
[collect] ep 99/300: cause=collision len=731 saved=True (collision=92 complete=7)
[collect] ep 100/300: cause=collision len=476 saved=True (collision=93 complete=7)
[collect] ep 101/300: cause=collision len=2182 saved=True (collision=94 complete=7)
[collect] ep 102/300: cause=collision len=227 saved=True (collision=95 complete=7)
[collect] ep 103/300: cause=lap_complete len=3479 saved=True (collision=95 complete=8)
[collect] ep 104/300: cause=collision len=2654 saved=True (collision=96 complete=8)
[collect] ep 105/300: cause=collision len=486 saved=True (collision=97 complete=8)
[collect] ep 106/300: cause=collision len=948 saved=True (collision=98 complete=8)
[collect] ep 107/300: cause=collision len=2003 saved=True (collision=99 complete=8)
[collect] ep 108/300: cause=collision len=740 saved=True (collision=100 complete=8)
[collect] ep 109/300: cause=collision len=308 saved=True (collision=101 complete=8)
[collect] ep 110/300: cause=collision len=479 saved=True (collision=102 complete=8)
[collect] ep 111/300: cause=collision len=736 saved=True (collision=103 complete=8)
[collect] ep 112/300: cause=collision len=2385 saved=True (collision=104 complete=8)
[collect] ep 113/300: cause=collision len=1035 saved=True (collision=105 complete=8)
[collect] ep 114/300: cause=collision len=736 saved=True (collision=106 complete=8)
[collect] ep 115/300: cause=collision len=1936 saved=True (collision=107 complete=8)
[collect] ep 116/300: cause=lap_complete len=3460 saved=True (collision=107 complete=9)
[collect] ep 117/300: cause=collision len=729 saved=True (collision=108 complete=9)
[collect] ep 118/300: cause=lap_complete len=3463 saved=True (collision=108 complete=10)
[collect] ep 119/300: cause=collision len=2178 saved=True (collision=109 complete=10)
[collect] ep 120/300: cause=collision len=2654 saved=True (collision=110 complete=10)
[collect] ep 121/300: cause=collision len=730 saved=True (collision=111 complete=10)
[collect] ep 122/300: cause=lap_complete len=3462 saved=True (collision=111 complete=11)
[collect] ep 123/300: cause=collision len=782 saved=True (collision=112 complete=11)
[collect] ep 124/300: cause=collision len=509 saved=True (collision=113 complete=11)
[collect] ep 125/300: cause=collision len=483 saved=True (collision=114 complete=11)
[collect] ep 126/300: cause=collision len=731 saved=True (collision=115 complete=11)
[collect] ep 127/300: cause=collision len=738 saved=True (collision=116 complete=11)
[collect] ep 128/300: cause=collision len=733 saved=True (collision=117 complete=11)
[collect] ep 129/300: cause=collision len=230 saved=True (collision=118 complete=11)
[collect] ep 130/300: cause=collision len=2438 saved=True (collision=119 complete=11)
[collect] ep 131/300: cause=collision len=2017 saved=True (collision=120 complete=11)
[collect] ep 132/300: cause=collision len=229 saved=True (collision=121 complete=11)
[collect] ep 133/300: cause=collision len=230 saved=True (collision=122 complete=11)
[collect] ep 134/300: cause=collision len=230 saved=True (collision=123 complete=11)
[collect] ep 135/300: cause=collision len=784 saved=True (collision=124 complete=11)
[collect] ep 136/300: cause=collision len=739 saved=True (collision=125 complete=11)
[collect] ep 137/300: cause=collision len=502 saved=True (collision=126 complete=11)
[collect] ep 138/300: cause=collision len=488 saved=True (collision=127 complete=11)
[collect] ep 139/300: cause=collision len=781 saved=True (collision=128 complete=11)
[collect] ep 140/300: cause=collision len=228 saved=True (collision=129 complete=11)
[collect] ep 141/300: cause=lap_complete len=3463 saved=True (collision=129 complete=12)
[collect] ep 142/300: cause=collision len=739 saved=True (collision=130 complete=12)
[collect] ep 143/300: cause=collision len=736 saved=True (collision=131 complete=12)
[collect] ep 144/300: cause=collision len=304 saved=True (collision=132 complete=12)
[collect] ep 145/300: cause=collision len=844 saved=True (collision=133 complete=12)
[collect] ep 146/300: cause=collision len=733 saved=True (collision=134 complete=12)
[collect] ep 147/300: cause=collision len=736 saved=True (collision=135 complete=12)
[collect] ep 148/300: cause=collision len=2180 saved=True (collision=136 complete=12)
[collect] ep 149/300: cause=collision len=779 saved=True (collision=137 complete=12)
[collect] ep 150/300: cause=collision len=2520 saved=True (collision=138 complete=12)
[collect] ep 151/300: cause=collision len=738 saved=True (collision=139 complete=12)
[collect] ep 152/300: cause=lap_complete len=3445 saved=True (collision=139 complete=13)
[collect] ep 153/300: cause=collision len=2476 saved=True (collision=140 complete=13)
[collect] ep 154/300: cause=collision len=1936 saved=True (collision=141 complete=13)
[collect] ep 155/300: cause=collision len=232 saved=True (collision=142 complete=13)
[collect] ep 156/300: cause=lap_complete len=3452 saved=True (collision=142 complete=14)
[collect] ep 157/300: cause=collision len=480 saved=True (collision=143 complete=14)
[collect] ep 158/300: cause=lap_complete len=3456 saved=True (collision=143 complete=15)
[collect] ep 159/300: cause=collision len=505 saved=True (collision=144 complete=15)
[collect] ep 160/300: cause=collision len=487 saved=True (collision=145 complete=15)
[collect] ep 161/300: cause=collision len=227 saved=True (collision=146 complete=15)
[collect] ep 162/300: cause=collision len=730 saved=True (collision=147 complete=15)
[collect] ep 163/300: cause=collision len=830 saved=True (collision=148 complete=15)
[collect] ep 164/300: cause=collision len=743 saved=True (collision=149 complete=15)
[collect] ep 165/300: cause=collision len=224 saved=True (collision=150 complete=15)
[collect] ep 166/300: cause=collision len=726 saved=True (collision=151 complete=15)
[collect] ep 167/300: cause=collision len=2395 saved=True (collision=152 complete=15)
[collect] ep 168/300: cause=collision len=225 saved=True (collision=153 complete=15)
[collect] ep 169/300: cause=collision len=730 saved=True (collision=154 complete=15)
[collect] ep 170/300: cause=collision len=756 saved=True (collision=155 complete=15)
[collect] ep 171/300: cause=collision len=686 saved=True (collision=156 complete=15)
[collect] ep 172/300: cause=lap_complete len=3453 saved=True (collision=156 complete=16)
[collect] ep 173/300: cause=collision len=2190 saved=True (collision=157 complete=16)
[collect] ep 174/300: cause=collision len=1026 saved=True (collision=158 complete=16)
[collect] ep 175/300: cause=collision len=2187 saved=True (collision=159 complete=16)
[collect] ep 176/300: cause=collision len=1924 saved=True (collision=160 complete=16)
[collect] ep 177/300: cause=collision len=786 saved=True (collision=161 complete=16)
[collect] ep 178/300: cause=collision len=1037 saved=True (collision=162 complete=16)
[collect] ep 179/300: cause=collision len=289 saved=True (collision=163 complete=16)
[collect] ep 180/300: cause=collision len=504 saved=True (collision=164 complete=16)
[collect] ep 181/300: cause=lap_complete len=3466 saved=True (collision=164 complete=17)
[collect] ep 182/300: cause=collision len=517 saved=True (collision=165 complete=17)
[collect] ep 183/300: cause=collision len=2393 saved=True (collision=166 complete=17)
[collect] ep 184/300: cause=collision len=489 saved=True (collision=167 complete=17)
[collect] ep 185/300: cause=collision len=2476 saved=True (collision=168 complete=17)
[collect] ep 186/300: cause=collision len=737 saved=True (collision=169 complete=17)
[collect] ep 187/300: cause=collision len=952 saved=True (collision=170 complete=17)
[collect] ep 188/300: cause=collision len=516 saved=True (collision=171 complete=17)
[collect] ep 189/300: cause=collision len=735 saved=True (collision=172 complete=17)
[collect] ep 190/300: cause=lap_complete len=3455 saved=True (collision=172 complete=18)
[collect] ep 191/300: cause=collision len=228 saved=True (collision=173 complete=18)
[collect] ep 192/300: cause=collision len=2473 saved=True (collision=174 complete=18)
[collect] ep 193/300: cause=lap_complete len=3452 saved=True (collision=174 complete=19)
[collect] ep 194/300: cause=collision len=504 saved=True (collision=175 complete=19)
[collect] ep 195/300: cause=collision len=227 saved=True (collision=176 complete=19)
[collect] ep 196/300: cause=collision len=699 saved=True (collision=177 complete=19)
[collect] ep 197/300: cause=collision len=488 saved=True (collision=178 complete=19)
[collect] ep 198/300: cause=collision len=1013 saved=True (collision=179 complete=19)
[collect] ep 199/300: cause=collision len=230 saved=True (collision=180 complete=19)
[collect] ep 200/300: cause=collision len=481 saved=True (collision=181 complete=19)
[collect] ep 201/300: cause=lap_complete len=3444 saved=True (collision=181 complete=20)
[collect] ep 202/300: cause=collision len=232 saved=True (collision=182 complete=20)
[collect] ep 203/300: cause=collision len=2442 saved=True (collision=183 complete=20)
[collect] ep 204/300: cause=collision len=787 saved=True (collision=184 complete=20)
[collect] ep 205/300: cause=collision len=734 saved=True (collision=185 complete=20)
[collect] ep 206/300: cause=collision len=231 saved=True (collision=186 complete=20)
[collect] ep 207/300: cause=collision len=297 saved=True (collision=187 complete=20)
[collect] ep 208/300: cause=collision len=230 saved=True (collision=188 complete=20)
[collect] ep 209/300: cause=collision len=690 saved=True (collision=189 complete=20)
[collect] ep 210/300: cause=collision len=734 saved=True (collision=190 complete=20)
[collect] ep 211/300: cause=collision len=2481 saved=True (collision=191 complete=20)
[collect] ep 212/300: cause=collision len=2437 saved=True (collision=192 complete=20)
[collect] ep 213/300: cause=collision len=954 saved=True (collision=193 complete=20)
[collect] ep 214/300: cause=lap_complete len=3458 saved=True (collision=193 complete=21)
[collect] ep 215/300: cause=collision len=830 saved=True (collision=194 complete=21)
[collect] ep 216/300: cause=collision len=2197 saved=True (collision=195 complete=21)
[collect] ep 217/300: cause=collision len=294 saved=True (collision=196 complete=21)
[collect] ep 218/300: cause=collision len=683 saved=True (collision=197 complete=21)
[collect] ep 219/300: cause=collision len=2444 saved=True (collision=198 complete=21)
[collect] ep 220/300: cause=collision len=827 saved=True (collision=199 complete=21)
[collect] ep 221/300: cause=collision len=535 saved=True (collision=200 complete=21)
[collect] ep 222/300: cause=collision len=479 saved=True (collision=201 complete=21)
[collect] ep 223/300: cause=collision len=783 saved=True (collision=202 complete=21)
[collect] ep 224/300: cause=collision len=1069 saved=True (collision=203 complete=21)
[collect] ep 225/300: cause=collision len=835 saved=True (collision=204 complete=21)
[collect] ep 226/300: cause=collision len=1936 saved=True (collision=205 complete=21)
[collect] ep 227/300: cause=lap_complete len=3448 saved=True (collision=205 complete=22)
[collect] ep 228/300: cause=collision len=1945 saved=True (collision=206 complete=22)
[collect] ep 229/300: cause=collision len=700 saved=True (collision=207 complete=22)
[collect] ep 230/300: cause=collision len=738 saved=True (collision=208 complete=22)
[collect] ep 231/300: cause=collision len=684 saved=True (collision=209 complete=22)
[collect] ep 232/300: cause=collision len=2188 saved=True (collision=210 complete=22)
[collect] ep 233/300: cause=lap_complete len=3449 saved=True (collision=210 complete=23)
[collect] ep 234/300: cause=collision len=229 saved=True (collision=211 complete=23)
[collect] ep 235/300: cause=collision len=696 saved=True (collision=212 complete=23)
[collect] ep 236/300: cause=collision len=943 saved=True (collision=213 complete=23)
[collect] ep 237/300: cause=collision len=2443 saved=True (collision=214 complete=23)
[collect] ep 238/300: cause=collision len=2184 saved=True (collision=215 complete=23)
[collect] ep 239/300: cause=collision len=687 saved=True (collision=216 complete=23)
[collect] ep 240/300: cause=collision len=2657 saved=True (collision=217 complete=23)
[collect] ep 241/300: cause=collision len=2191 saved=True (collision=218 complete=23)
[collect] ep 242/300: cause=collision len=491 saved=True (collision=219 complete=23)
[collect] ep 243/300: cause=collision len=524 saved=True (collision=220 complete=23)
[collect] ep 244/300: cause=collision len=481 saved=True (collision=221 complete=23)
[collect] ep 245/300: cause=collision len=2485 saved=True (collision=222 complete=23)
[collect] ep 246/300: cause=collision len=735 saved=True (collision=223 complete=23)
[collect] ep 247/300: cause=collision len=737 saved=True (collision=224 complete=23)
[collect] ep 248/300: cause=collision len=2484 saved=True (collision=225 complete=23)
[collect] ep 249/300: cause=collision len=2443 saved=True (collision=226 complete=23)
[collect] ep 250/300: cause=collision len=1032 saved=True (collision=227 complete=23)
[collect] ep 251/300: cause=collision len=506 saved=True (collision=228 complete=23)
[collect] ep 252/300: cause=collision len=521 saved=True (collision=229 complete=23)
[collect] ep 253/300: cause=lap_complete len=3452 saved=True (collision=229 complete=24)
[collect] ep 254/300: cause=collision len=485 saved=True (collision=230 complete=24)
[collect] ep 255/300: cause=collision len=774 saved=True (collision=231 complete=24)
[collect] ep 256/300: cause=collision len=231 saved=True (collision=232 complete=24)
[collect] ep 257/300: cause=collision len=1024 saved=True (collision=233 complete=24)
[collect] ep 258/300: cause=collision len=735 saved=True (collision=234 complete=24)
[collect] ep 259/300: cause=collision len=2001 saved=True (collision=235 complete=24)
[collect] ep 260/300: cause=collision len=784 saved=True (collision=236 complete=24)
[collect] ep 261/300: cause=collision len=229 saved=True (collision=237 complete=24)
[collect] ep 262/300: cause=collision len=499 saved=True (collision=238 complete=24)
[collect] ep 263/300: cause=collision len=791 saved=True (collision=239 complete=24)
[collect] ep 264/300: cause=collision len=737 saved=True (collision=240 complete=24)
[collect] ep 265/300: cause=collision len=483 saved=True (collision=241 complete=24)
[collect] ep 266/300: cause=collision len=737 saved=True (collision=242 complete=24)
[collect] ep 267/300: cause=collision len=781 saved=True (collision=243 complete=24)
[collect] ep 268/300: cause=collision len=480 saved=True (collision=244 complete=24)
[collect] ep 269/300: cause=collision len=2444 saved=True (collision=245 complete=24)
[collect] ep 270/300: cause=collision len=2194 saved=True (collision=246 complete=24)
[collect] ep 271/300: cause=collision len=726 saved=True (collision=247 complete=24)
[collect] ep 272/300: cause=collision len=2392 saved=True (collision=248 complete=24)
[collect] ep 273/300: cause=lap_complete len=3455 saved=True (collision=248 complete=25)
[collect] ep 274/300: cause=collision len=952 saved=True (collision=249 complete=25)
[collect] ep 275/300: cause=collision len=727 saved=True (collision=250 complete=25)
[collect] ep 276/300: cause=collision len=230 saved=True (collision=251 complete=25)
[collect] ep 277/300: cause=collision len=2215 saved=True (collision=252 complete=25)
[collect] ep 278/300: cause=collision len=290 saved=True (collision=253 complete=25)
[collect] ep 279/300: cause=collision len=2480 saved=True (collision=254 complete=25)
[collect] ep 280/300: cause=collision len=2212 saved=True (collision=255 complete=25)
[collect] ep 281/300: cause=collision len=229 saved=True (collision=256 complete=25)
[collect] ep 282/300: cause=collision len=503 saved=True (collision=257 complete=25)
[collect] ep 283/300: cause=collision len=497 saved=True (collision=258 complete=25)
[collect] ep 284/300: cause=lap_complete len=3458 saved=True (collision=258 complete=26)
[collect] ep 285/300: cause=collision len=785 saved=True (collision=259 complete=26)
[collect] ep 286/300: cause=collision len=2657 saved=True (collision=260 complete=26)
[collect] ep 287/300: cause=collision len=511 saved=True (collision=261 complete=26)
[collect] ep 288/300: cause=collision len=482 saved=True (collision=262 complete=26)
[collect] ep 289/300: cause=collision len=477 saved=True (collision=263 complete=26)
[collect] ep 290/300: cause=collision len=944 saved=True (collision=264 complete=26)
[collect] ep 291/300: cause=collision len=728 saved=True (collision=265 complete=26)
[collect] ep 292/300: cause=collision len=1927 saved=True (collision=266 complete=26)
[collect] ep 293/300: cause=collision len=783 saved=True (collision=267 complete=26)
[collect] ep 294/300: cause=collision len=2434 saved=True (collision=268 complete=26)
[collect] ep 295/300: cause=collision len=527 saved=True (collision=269 complete=26)
[collect] ep 296/300: cause=collision len=324 saved=True (collision=270 complete=26)
[collect] ep 297/300: cause=collision len=783 saved=True (collision=271 complete=26)
[collect] ep 298/300: cause=collision len=2443 saved=True (collision=272 complete=26)
[collect] ep 299/300: cause=collision len=731 saved=True (collision=273 complete=26)
[collect] ep 300/300: cause=collision len=512 saved=True (collision=274 complete=26)

========== collect_crash_data 결과 ==========
시도 ep        : 300
save_complete  : True  (max_env_steps=9000)
충돌 저장      : 274  → /home/dlacksdn/f1tenth_RL_project/runs/crash_data/cap8_jitter
완주 저장      : 26  → /home/dlacksdn/f1tenth_RL_project/runs/crash_data/cap8_jitter
총 저장        : 300
기타 폐기      : {}
수집률(저장)   : 1.000
=============================================

/home/dlacksdn/f1tenth_RL_project/vendor/dreamerv3-torch/tools.py:751: FutureWarning: `torch.cuda.amp.GradScaler(args...)` is deprecated. Please use `torch.amp.GradScaler('cuda', args...)` instead.
  self._scaler = torch.cuda.amp.GradScaler(enabled=use_amp)
/home/dlacksdn/f1tenth_RL_project/scripts/eval_gate.py:222: FutureWarning: You are using `torch.load` with `weights_only=False` (the current default value), which uses the default pickle module implicitly. It is possible to construct malicious pickle data which will execute arbitrary code during unpickling (See https://github.com/pytorch/pytorch/blob/main/SECURITY.md#untrusted-models for more details). In a future release, the default value for `weights_only` will be flipped to `True`. This limits the functions that could be executed during unpickling. Arbitrary objects will no longer be allowed to be loaded via this mode unless they are explicitly allowlisted by the user via `torch.serialization.add_safe_globals`. We recommend you start setting `weights_only=True` for any use case where you don't have full control of the loaded file. Please open an issue on GitHub for any issues related to this experimental feature.
  ckpt = torch.load(str(ckpt_path), map_location="cpu")
