[ utils/colab ] Warning: not importing colab dependencies
[ utils/setup ] Reading config: config.f1tenth:f1tenth
[ utils/setup ] Not using overrides | config: config.f1tenth | dataset: f1tenth
[ utils/setup ] Found extras: ['--prefix', 'diffusion/f1tenth_complete', '--n_train_steps', '80000']
[ utils/setup ] Overriding config | prefix : diffusion/f1tenth --> diffusion/f1tenth_complete
[ utils/setup ] Overriding config | n_train_steps : 1000000.0 --> 80000
[ utils/setup ] Setting exp_name to: diffusion/f1tenth_complete_H128_T20
[ utils/setup ] Made savepath: logs/f1tenth/diffusion/f1tenth_complete_H128_T20
[ utils/setup ] Saved args to logs/f1tenth/diffusion/f1tenth_complete_H128_T20/args.json
[ utils/config ] Imported diffuser.datasets:F1tenthSequenceDataset

[utils/config ] Config: <class 'diffuser.datasets.f1tenth.F1tenthSequenceDataset'>
    env: f1tenth
    horizon: 128
    max_path_length: 5839
    normalizer: SafeLimitsNormalizer
    preprocess_fns: []
    use_padding: True

[ utils/config ] Saved config to: logs/f1tenth/diffusion/f1tenth_complete_H128_T20/dataset_config.pkl

[ utils/config ] Imported diffuser.utils:NullRenderer

[utils/config ] Config: <class 'diffuser.utils.null_renderer.NullRenderer'>
    env: f1tenth

[ utils/config ] Saved config to: logs/f1tenth/diffusion/f1tenth_complete_H128_T20/render_config.pkl

[ datasets/buffer ] Finalized replay buffer | 112 episodes

                    [ utils/normalization ] Constant data in dimension 0 | max = min = 0.0
[ datasets/buffer ] Fields:
    observations: (112, 5839, 133)
    actions: (112, 5839, 2)
    rewards: (112, 5839, 1)
    terminals: (112, 5839, 1)
    timeouts: (112, 5839, 1)
    normed_observations: (112, 5839, 133)
    normed_actions: (112, 5839, 2)
[ utils/config ] Imported diffuser.models:TemporalUnet

[utils/config ] Config: <class 'diffuser.models.temporal.TemporalUnet'>
    attention: False
    cond_dim: 133
    dim_mults: (1, 4, 8)
    horizon: 128
    transition_dim: 135

[ utils/config ] Saved config to: logs/f1tenth/diffusion/f1tenth_complete_H128_T20/model_config.pkl

[ utils/config ] Imported diffuser.models:GaussianDiffusion

[utils/config ] Config: <class 'diffuser.models.diffusion.GaussianDiffusion'>
    action_dim: 2
    action_weight: 10
    clip_denoised: True
    horizon: 128
    loss_discount: 1
    loss_type: l2
    loss_weights: None
    n_timesteps: 20
    observation_dim: 133
    predict_epsilon: False

[ utils/config ] Saved config to: logs/f1tenth/diffusion/f1tenth_complete_H128_T20/diffusion_config.pkl


[utils/config ] Config: <class 'diffuser.utils.training.Trainer'>
    bucket: None
    ema_decay: 0.995
    gradient_accumulate_every: 2
    label_freq: 16000
    n_reference: 8
    results_folder: logs/f1tenth/diffusion/f1tenth_complete_H128_T20
    sample_freq: 0
    save_freq: 20000
    save_parallel: False
    train_batch_size: 32
    train_lr: 0.0002

[ utils/config ] Saved config to: logs/f1tenth/diffusion/f1tenth_complete_H128_T20/trainer_config.pkl

[ models/temporal ] Channel dimensions: [(135, 32), (32, 128), (128, 256)]
[(135, 32), (32, 128), (128, 256)]
[ utils/arrays ] Total parameters: 3.71 M
         downs.2.0.blocks.1.block.0.weight: 327.68 k | Conv1d(256, 256, kernel_size=(5,), stride=(1,), padding=(2,))
         downs.2.1.blocks.0.block.0.weight: 327.68 k | Conv1d(256, 256, kernel_size=(5,), stride=(1,), padding=(2,))
         downs.2.1.blocks.1.block.0.weight: 327.68 k | Conv1d(256, 256, kernel_size=(5,), stride=(1,), padding=(2,))
         ups.0.0.blocks.0.block.0.weight: 327.68 k | Conv1d(512, 128, kernel_size=(5,), stride=(1,), padding=(2,))
         mid_block1.blocks.0.block.0.weight: 327.68 k | Conv1d(256, 256, kernel_size=(5,), stride=(1,), padding=(2,))
         mid_block1.blocks.1.block.0.weight: 327.68 k | Conv1d(256, 256, kernel_size=(5,), stride=(1,), padding=(2,))
         mid_block2.blocks.0.block.0.weight: 327.68 k | Conv1d(256, 256, kernel_size=(5,), stride=(1,), padding=(2,))
         mid_block2.blocks.1.block.0.weight: 327.68 k | Conv1d(256, 256, kernel_size=(5,), stride=(1,), padding=(2,))
         downs.2.0.blocks.0.block.0.weight: 163.84 k | Conv1d(128, 256, kernel_size=(5,), stride=(1,), padding=(2,))
         downs.1.0.blocks.1.block.0.weight: 81.92 k | Conv1d(128, 128, kernel_size=(5,), stride=(1,), padding=(2,))
         ... and 138 others accounting for 843.94 k parameters
Testing forward... ✓
Epoch 0 / 8 | logs/f1tenth/diffusion/f1tenth_complete_H128_T20
[ utils/training ] Saved model to logs/f1tenth/diffusion/f1tenth_complete_H128_T20/state_0.pt
0:   0.4451 | a0_loss:   0.0379 | t:   0.6910
100:   0.1538 | a0_loss:   0.0255 | t:  34.9855
200:   0.0551 | a0_loss:   0.0260 | t:  34.5602
300:   0.0229 | a0_loss:   0.0218 | t:  35.1734
400:   0.0194 | a0_loss:   0.0215 | t:  34.5160
500:   0.0157 | a0_loss:   0.0220 | t:  34.5867
600:   0.0139 | a0_loss:   0.0206 | t:  34.7280
700:   0.0149 | a0_loss:   0.0237 | t:  34.3994
800:   0.0147 | a0_loss:   0.0161 | t:  34.2809
900:   0.0121 | a0_loss:   0.0216 | t:  34.8475
1000:   0.0130 | a0_loss:   0.0208 | t:  34.7589
1100:   0.0144 | a0_loss:   0.0157 | t:  34.8611
1200:   0.0150 | a0_loss:   0.0127 | t:  34.8121
1300:   0.0137 | a0_loss:   0.0144 | t:  35.2400
1400:   0.0116 | a0_loss:   0.0093 | t:  34.2649
1500:   0.0126 | a0_loss:   0.0106 | t:  34.7072
1600:   0.0121 | a0_loss:   0.0143 | t:  34.7231
1700:   0.0099 | a0_loss:   0.0118 | t:  34.6529
1800:   0.0099 | a0_loss:   0.0081 | t:  34.6801
1900:   0.0106 | a0_loss:   0.0089 | t:  34.6524
2000:   0.0092 | a0_loss:   0.0065 | t:  34.7863
2100:   0.0091 | a0_loss:   0.0125 | t:  34.1348
2200:   0.0086 | a0_loss:   0.0070 | t:  34.4279
2300:   0.0089 | a0_loss:   0.0069 | t:  34.3427
2400:   0.0074 | a0_loss:   0.0035 | t:  34.6034
2500:   0.0083 | a0_loss:   0.0046 | t:  34.8257
2600:   0.0086 | a0_loss:   0.0054 | t:  34.6697
2700:   0.0077 | a0_loss:   0.0084 | t:  34.4771
2800:   0.0060 | a0_loss:   0.0042 | t:  34.2689
2900:   0.0068 | a0_loss:   0.0040 | t:  34.3180
3000:   0.0072 | a0_loss:   0.0057 | t:  35.3310
3100:   0.0071 | a0_loss:   0.0052 | t:  35.1161
3200:   0.0063 | a0_loss:   0.0031 | t:  34.7765
3300:   0.0072 | a0_loss:   0.0059 | t:  34.8392
3400:   0.0053 | a0_loss:   0.0027 | t:  34.7875
3500:   0.0063 | a0_loss:   0.0042 | t:  34.6777
3600:   0.0068 | a0_loss:   0.0029 | t:  34.6181
3700:   0.0067 | a0_loss:   0.0041 | t:  34.3635
3800:   0.0066 | a0_loss:   0.0034 | t:  34.8211
3900:   0.0054 | a0_loss:   0.0021 | t:  34.8788
4000:   0.0053 | a0_loss:   0.0042 | t:  34.9112
4100:   0.0060 | a0_loss:   0.0017 | t:  35.3797
4200:   0.0044 | a0_loss:   0.0028 | t:  34.5373
4300:   0.0042 | a0_loss:   0.0028 | t:  34.7043
4400:   0.0055 | a0_loss:   0.0018 | t:  34.8626
4500:   0.0060 | a0_loss:   0.0045 | t:  34.7168
4600:   0.0061 | a0_loss:   0.0028 | t:  34.9383
4700:   0.0045 | a0_loss:   0.0027 | t:  34.2527
4800:   0.0062 | a0_loss:   0.0040 | t:  34.7257
4900:   0.0056 | a0_loss:   0.0034 | t:  34.5944
5000:   0.0041 | a0_loss:   0.0026 | t:  34.6535
5100:   0.0046 | a0_loss:   0.0024 | t:  34.8425
5200:   0.0048 | a0_loss:   0.0031 | t:  35.5533
5300:   0.0064 | a0_loss:   0.0029 | t:  34.7145
5400:   0.0056 | a0_loss:   0.0030 | t:  35.9437
5500:   0.0045 | a0_loss:   0.0024 | t:  34.6735
5600:   0.0048 | a0_loss:   0.0022 | t:  35.1449
5700:   0.0053 | a0_loss:   0.0032 | t:  34.7881
5800:   0.0057 | a0_loss:   0.0045 | t:  34.7877
5900:   0.0059 | a0_loss:   0.0026 | t:  35.4911
6000:   0.0053 | a0_loss:   0.0036 | t:  34.5024
6100:   0.0037 | a0_loss:   0.0025 | t:  34.6669
6200:   0.0061 | a0_loss:   0.0027 | t:  34.9653
6300:   0.0034 | a0_loss:   0.0016 | t:  34.8701
6400:   0.0043 | a0_loss:   0.0021 | t:  35.3639
6500:   0.0051 | a0_loss:   0.0037 | t:  34.7760
6600:   0.0051 | a0_loss:   0.0028 | t:  34.7218
6700:   0.0038 | a0_loss:   0.0042 | t:  34.9238
6800:   0.0041 | a0_loss:   0.0018 | t:  34.6640
6900:   0.0047 | a0_loss:   0.0021 | t:  34.7156
7000:   0.0055 | a0_loss:   0.0017 | t:  36.0882
7100:   0.0056 | a0_loss:   0.0016 | t:  36.8567
7200:   0.0044 | a0_loss:   0.0018 | t:  36.2492
7300:   0.0054 | a0_loss:   0.0027 | t:  35.9131
7400:   0.0035 | a0_loss:   0.0029 | t:  37.5132
7500:   0.0060 | a0_loss:   0.0012 | t:  36.4397
7600:   0.0034 | a0_loss:   0.0032 | t:  35.0083
7700:   0.0050 | a0_loss:   0.0024 | t:  34.7947
7800:   0.0069 | a0_loss:   0.0029 | t:  34.7103
7900:   0.0048 | a0_loss:   0.0020 | t:  34.8745
8000:   0.0047 | a0_loss:   0.0027 | t:  34.4718
8100:   0.0046 | a0_loss:   0.0023 | t:  34.4607
8200:   0.0034 | a0_loss:   0.0017 | t:  34.2842
8300:   0.0042 | a0_loss:   0.0013 | t:  34.8163
8400:   0.0051 | a0_loss:   0.0020 | t:  35.0482
8500:   0.0045 | a0_loss:   0.0011 | t:  35.0589
8600:   0.0042 | a0_loss:   0.0014 | t:  34.8666
8700:   0.0043 | a0_loss:   0.0017 | t:  36.0784
8800:   0.0050 | a0_loss:   0.0013 | t:  36.0516
8900:   0.0041 | a0_loss:   0.0013 | t:  36.0847
9000:   0.0040 | a0_loss:   0.0024 | t:  35.9108
9100:   0.0049 | a0_loss:   0.0010 | t:  35.6402
9200:   0.0048 | a0_loss:   0.0021 | t:  35.8292
9300:   0.0047 | a0_loss:   0.0026 | t:  35.4580
9400:   0.0033 | a0_loss:   0.0013 | t:  34.8017
9500:   0.0040 | a0_loss:   0.0013 | t:  34.6345
9600:   0.0038 | a0_loss:   0.0014 | t:  34.7123
9700:   0.0052 | a0_loss:   0.0030 | t:  35.1173
9800:   0.0028 | a0_loss:   0.0012 | t:  34.9281
9900:   0.0044 | a0_loss:   0.0016 | t:  34.9328
Epoch 1 / 8 | logs/f1tenth/diffusion/f1tenth_complete_H128_T20
10000:   0.0045 | a0_loss:   0.0014 | t:   0.5344
10100:   0.0038 | a0_loss:   0.0010 | t:  36.0982
10200:   0.0039 | a0_loss:   0.0013 | t:  35.3210
10300:   0.0036 | a0_loss:   0.0014 | t:  34.4525
10400:   0.0036 | a0_loss:   0.0010 | t:  34.3916
10500:   0.0048 | a0_loss:   0.0012 | t:  34.6854
10600:   0.0039 | a0_loss:   0.0014 | t:  35.7728
10700:   0.0033 | a0_loss:   0.0010 | t:  34.5709
10800:   0.0036 | a0_loss:   0.0009 | t:  35.2566
10900:   0.0047 | a0_loss:   0.0011 | t:  35.1323
11000:   0.0036 | a0_loss:   0.0011 | t:  35.3724
11100:   0.0032 | a0_loss:   0.0009 | t:  34.7066
11200:   0.0041 | a0_loss:   0.0014 | t:  34.9848
11300:   0.0036 | a0_loss:   0.0014 | t:  34.6517
11400:   0.0038 | a0_loss:   0.0008 | t:  35.2853
11500:   0.0036 | a0_loss:   0.0010 | t:  34.9440
11600:   0.0041 | a0_loss:   0.0013 | t:  35.1456
11700:   0.0035 | a0_loss:   0.0009 | t:  34.8750
11800:   0.0043 | a0_loss:   0.0014 | t:  35.1683
11900:   0.0044 | a0_loss:   0.0009 | t:  34.8225
12000:   0.0033 | a0_loss:   0.0010 | t:  34.8159
12100:   0.0043 | a0_loss:   0.0009 | t:  35.4880
12200:   0.0030 | a0_loss:   0.0011 | t:  35.3184
12300:   0.0032 | a0_loss:   0.0006 | t:  34.6392
12400:   0.0037 | a0_loss:   0.0007 | t:  34.6641
12500:   0.0042 | a0_loss:   0.0008 | t:  35.0785
12600:   0.0039 | a0_loss:   0.0009 | t:  34.6348
12700:   0.0031 | a0_loss:   0.0009 | t:  34.9986
12800:   0.0042 | a0_loss:   0.0006 | t:  35.0822
12900:   0.0035 | a0_loss:   0.0006 | t:  35.3208
13000:   0.0051 | a0_loss:   0.0013 | t:  35.1962
13100:   0.0033 | a0_loss:   0.0013 | t:  35.8490
13200:   0.0045 | a0_loss:   0.0006 | t:  35.0788
13300:   0.0032 | a0_loss:   0.0010 | t:  35.6161
13400:   0.0042 | a0_loss:   0.0009 | t:  36.0402
13500:   0.0035 | a0_loss:   0.0008 | t:  35.0233
13600:   0.0035 | a0_loss:   0.0004 | t:  35.0882
13700:   0.0041 | a0_loss:   0.0006 | t:  35.0314
13800:   0.0033 | a0_loss:   0.0008 | t:  35.7819
13900:   0.0049 | a0_loss:   0.0009 | t:  35.5973
14000:   0.0032 | a0_loss:   0.0006 | t:  35.7468
14100:   0.0040 | a0_loss:   0.0010 | t:  35.5996
14200:   0.0031 | a0_loss:   0.0006 | t:  35.7077
14300:   0.0045 | a0_loss:   0.0009 | t:  35.7043
14400:   0.0035 | a0_loss:   0.0008 | t:  34.9845
14500:   0.0025 | a0_loss:   0.0005 | t:  35.7221
14600:   0.0028 | a0_loss:   0.0014 | t:  35.4386
14700:   0.0037 | a0_loss:   0.0007 | t:  35.2753
14800:   0.0038 | a0_loss:   0.0008 | t:  35.9451
14900:   0.0029 | a0_loss:   0.0008 | t:  35.2057
15000:   0.0039 | a0_loss:   0.0008 | t:  34.9955
15100:   0.0040 | a0_loss:   0.0008 | t:  35.1293
15200:   0.0040 | a0_loss:   0.0009 | t:  35.5225
15300:   0.0031 | a0_loss:   0.0008 | t:  35.3077
15400:   0.0033 | a0_loss:   0.0007 | t:  35.4993
15500:   0.0036 | a0_loss:   0.0007 | t:  35.8048
15600:   0.0040 | a0_loss:   0.0008 | t:  34.9348
15700:   0.0035 | a0_loss:   0.0009 | t:  35.2545
15800:   0.0027 | a0_loss:   0.0007 | t:  35.2600
15900:   0.0037 | a0_loss:   0.0008 | t:  35.1037
16000:   0.0035 | a0_loss:   0.0009 | t:  34.9114
16100:   0.0033 | a0_loss:   0.0008 | t:  35.0675
16200:   0.0033 | a0_loss:   0.0007 | t:  34.8452
16300:   0.0050 | a0_loss:   0.0010 | t:  34.6766
16400:   0.0045 | a0_loss:   0.0009 | t:  34.9168
16500:   0.0032 | a0_loss:   0.0008 | t:  35.5808
16600:   0.0043 | a0_loss:   0.0016 | t:  34.9798
16700:   0.0057 | a0_loss:   0.0005 | t:  35.0532
16800:   0.0034 | a0_loss:   0.0005 | t:  35.2028
16900:   0.0023 | a0_loss:   0.0005 | t:  35.1868
17000:   0.0035 | a0_loss:   0.0008 | t:  35.1609
17100:   0.0034 | a0_loss:   0.0006 | t:  34.6284
17200:   0.0043 | a0_loss:   0.0012 | t:  35.1975
17300:   0.0038 | a0_loss:   0.0012 | t:  34.9367
17400:   0.0031 | a0_loss:   0.0009 | t:  35.0582
17500:   0.0052 | a0_loss:   0.0013 | t:  34.7097
17600:   0.0044 | a0_loss:   0.0005 | t:  35.4433
17700:   0.0036 | a0_loss:   0.0010 | t:  36.2457
17800:   0.0044 | a0_loss:   0.0008 | t:  35.4938
17900:   0.0035 | a0_loss:   0.0008 | t:  35.2704
18000:   0.0024 | a0_loss:   0.0007 | t:  35.4972
18100:   0.0042 | a0_loss:   0.0005 | t:  35.1514
18200:   0.0040 | a0_loss:   0.0007 | t:  35.1524
18300:   0.0034 | a0_loss:   0.0006 | t:  35.7132
18400:   0.0024 | a0_loss:   0.0010 | t:  35.5282
18500:   0.0054 | a0_loss:   0.0009 | t:  34.9453
18600:   0.0042 | a0_loss:   0.0009 | t:  35.4491
18700:   0.0033 | a0_loss:   0.0005 | t:  35.5595
18800:   0.0034 | a0_loss:   0.0009 | t:  34.6937
18900:   0.0027 | a0_loss:   0.0005 | t:  34.1878
19000:   0.0042 | a0_loss:   0.0006 | t:  34.9618
19100:   0.0037 | a0_loss:   0.0011 | t:  34.9010
19200:   0.0045 | a0_loss:   0.0007 | t:  34.8605
19300:   0.0036 | a0_loss:   0.0003 | t:  34.8799
19400:   0.0033 | a0_loss:   0.0006 | t:  35.1646
19500:   0.0024 | a0_loss:   0.0008 | t:  35.9697
19600:   0.0033 | a0_loss:   0.0006 | t:  35.0597
19700:   0.0032 | a0_loss:   0.0004 | t:  34.7903
19800:   0.0051 | a0_loss:   0.0006 | t:  34.6585
19900:   0.0035 | a0_loss:   0.0004 | t:  34.4060
Epoch 2 / 8 | logs/f1tenth/diffusion/f1tenth_complete_H128_T20
[ utils/training ] Saved model to logs/f1tenth/diffusion/f1tenth_complete_H128_T20/state_16000.pt
20000:   0.0039 | a0_loss:   0.0007 | t:   0.6494
20100:   0.0029 | a0_loss:   0.0010 | t:  35.9777
20200:   0.0041 | a0_loss:   0.0005 | t:  35.6469
20300:   0.0045 | a0_loss:   0.0008 | t:  35.0782
20400:   0.0039 | a0_loss:   0.0012 | t:  34.7874
20500:   0.0032 | a0_loss:   0.0005 | t:  34.7238
20600:   0.0034 | a0_loss:   0.0008 | t:  34.9832
20700:   0.0032 | a0_loss:   0.0010 | t:  35.0438
20800:   0.0032 | a0_loss:   0.0005 | t:  34.7197
20900:   0.0033 | a0_loss:   0.0008 | t:  35.0584
21000:   0.0036 | a0_loss:   0.0005 | t:  35.2314
21100:   0.0034 | a0_loss:   0.0005 | t:  35.3159
21200:   0.0045 | a0_loss:   0.0007 | t:  36.0722
21300:   0.0045 | a0_loss:   0.0006 | t:  35.5054
21400:   0.0026 | a0_loss:   0.0006 | t:  35.3222
21500:   0.0033 | a0_loss:   0.0004 | t:  35.4681
21600:   0.0027 | a0_loss:   0.0007 | t:  35.3925
21700:   0.0043 | a0_loss:   0.0006 | t:  36.7067
21800:   0.0050 | a0_loss:   0.0006 | t:  36.3163
21900:   0.0025 | a0_loss:   0.0007 | t:  35.4389
22000:   0.0027 | a0_loss:   0.0007 | t:  35.1512
22100:   0.0032 | a0_loss:   0.0007 | t:  35.0161
22200:   0.0038 | a0_loss:   0.0011 | t:  35.9292
22300:   0.0032 | a0_loss:   0.0007 | t:  35.0303
22400:   0.0029 | a0_loss:   0.0006 | t:  35.3241
22500:   0.0032 | a0_loss:   0.0011 | t:  35.4188
22600:   0.0052 | a0_loss:   0.0006 | t:  35.3041
22700:   0.0044 | a0_loss:   0.0005 | t:  35.4355
22800:   0.0035 | a0_loss:   0.0007 | t:  35.8389
22900:   0.0036 | a0_loss:   0.0005 | t:  35.2039
23000:   0.0038 | a0_loss:   0.0009 | t:  35.4043
23100:   0.0024 | a0_loss:   0.0006 | t:  35.7189
23200:   0.0038 | a0_loss:   0.0006 | t:  35.1292
23300:   0.0027 | a0_loss:   0.0007 | t:  35.1835
23400:   0.0037 | a0_loss:   0.0005 | t:  35.4765
23500:   0.0039 | a0_loss:   0.0006 | t:  36.3111
23600:   0.0038 | a0_loss:   0.0009 | t:  35.3923
23700:   0.0034 | a0_loss:   0.0007 | t:  34.9365
23800:   0.0044 | a0_loss:   0.0008 | t:  34.8235
23900:   0.0041 | a0_loss:   0.0010 | t:  36.2783
24000:   0.0043 | a0_loss:   0.0007 | t:  35.1411
24100:   0.0029 | a0_loss:   0.0005 | t:  34.9509
24200:   0.0039 | a0_loss:   0.0012 | t:  34.3371
24300:   0.0043 | a0_loss:   0.0008 | t:  34.7244
24400:   0.0023 | a0_loss:   0.0013 | t:  34.1948
24500:   0.0045 | a0_loss:   0.0005 | t:  34.5482
24600:   0.0039 | a0_loss:   0.0008 | t:  34.3952
24700:   0.0035 | a0_loss:   0.0005 | t:  34.9627
24800:   0.0039 | a0_loss:   0.0009 | t:  36.2783
24900:   0.0030 | a0_loss:   0.0011 | t:  35.7395
25000:   0.0038 | a0_loss:   0.0017 | t:  34.9485
25100:   0.0059 | a0_loss:   0.0006 | t:  35.3231
25200:   0.0034 | a0_loss:   0.0005 | t:  34.6984
25300:   0.0033 | a0_loss:   0.0004 | t:  34.8253
25400:   0.0041 | a0_loss:   0.0006 | t:  34.7807
25500:   0.0039 | a0_loss:   0.0006 | t:  35.0235
25600:   0.0029 | a0_loss:   0.0005 | t:  35.3526
25700:   0.0033 | a0_loss:   0.0014 | t:  34.8875
25800:   0.0039 | a0_loss:   0.0009 | t:  35.7357
25900:   0.0030 | a0_loss:   0.0007 | t:  36.2615
26000:   0.0046 | a0_loss:   0.0012 | t:  36.6266
26100:   0.0034 | a0_loss:   0.0006 | t:  35.4703
26200:   0.0039 | a0_loss:   0.0006 | t:  35.2817
26300:   0.0033 | a0_loss:   0.0007 | t:  35.2702
26400:   0.0037 | a0_loss:   0.0007 | t:  35.1713
26500:   0.0034 | a0_loss:   0.0009 | t:  35.3674
26600:   0.0045 | a0_loss:   0.0005 | t:  35.0085
26700:   0.0033 | a0_loss:   0.0007 | t:  35.2843
26800:   0.0029 | a0_loss:   0.0009 | t:  35.4650
26900:   0.0040 | a0_loss:   0.0013 | t:  34.8384
27000:   0.0037 | a0_loss:   0.0008 | t:  34.9119
27100:   0.0030 | a0_loss:   0.0005 | t:  34.6727
27200:   0.0030 | a0_loss:   0.0006 | t:  35.1747
27300:   0.0040 | a0_loss:   0.0012 | t:  35.2602
27400:   0.0033 | a0_loss:   0.0009 | t:  34.8680
27500:   0.0036 | a0_loss:   0.0005 | t:  35.3249
27600:   0.0032 | a0_loss:   0.0006 | t:  35.6056
27700:   0.0049 | a0_loss:   0.0008 | t:  34.3449
27800:   0.0033 | a0_loss:   0.0006 | t:  34.8828
27900:   0.0044 | a0_loss:   0.0006 | t:  34.8245
28000:   0.0028 | a0_loss:   0.0011 | t:  34.6674
28100:   0.0031 | a0_loss:   0.0006 | t:  34.8674
28200:   0.0045 | a0_loss:   0.0008 | t:  35.1555
28300:   0.0034 | a0_loss:   0.0007 | t:  35.5597
28400:   0.0036 | a0_loss:   0.0006 | t:  34.6303
28500:   0.0031 | a0_loss:   0.0014 | t:  34.8859
28600:   0.0038 | a0_loss:   0.0005 | t:  35.0689
28700:   0.0028 | a0_loss:   0.0008 | t:  35.2586
28800:   0.0042 | a0_loss:   0.0006 | t:  35.2924
28900:   0.0034 | a0_loss:   0.0008 | t:  34.9257
29000:   0.0020 | a0_loss:   0.0008 | t:  35.0255
29100:   0.0041 | a0_loss:   0.0006 | t:  35.2230
29200:   0.0028 | a0_loss:   0.0009 | t:  35.1965
29300:   0.0032 | a0_loss:   0.0007 | t:  34.8469
29400:   0.0048 | a0_loss:   0.0008 | t:  34.7546
29500:   0.0032 | a0_loss:   0.0008 | t:  35.2136
29600:   0.0031 | a0_loss:   0.0006 | t:  34.8378
29700:   0.0035 | a0_loss:   0.0009 | t:  35.6439
29800:   0.0037 | a0_loss:   0.0007 | t:  34.5763
29900:   0.0032 | a0_loss:   0.0008 | t:  34.9773
Epoch 3 / 8 | logs/f1tenth/diffusion/f1tenth_complete_H128_T20
30000:   0.0034 | a0_loss:   0.0010 | t:   0.4872
30100:   0.0034 | a0_loss:   0.0010 | t:  34.3624
30200:   0.0050 | a0_loss:   0.0008 | t:  34.5812
30300:   0.0027 | a0_loss:   0.0006 | t:  34.6238
30400:   0.0034 | a0_loss:   0.0006 | t:  35.4506
30500:   0.0035 | a0_loss:   0.0010 | t:  36.0706
30600:   0.0025 | a0_loss:   0.0005 | t:  35.5828
30700:   0.0043 | a0_loss:   0.0007 | t:  34.8714
30800:   0.0035 | a0_loss:   0.0006 | t:  34.7283
30900:   0.0048 | a0_loss:   0.0009 | t:  35.2651
31000:   0.0037 | a0_loss:   0.0005 | t:  35.7709
31100:   0.0024 | a0_loss:   0.0005 | t:  35.6458
31200:   0.0034 | a0_loss:   0.0007 | t:  35.3220
31300:   0.0026 | a0_loss:   0.0004 | t:  34.9827
31400:   0.0042 | a0_loss:   0.0010 | t:  35.7046
31500:   0.0038 | a0_loss:   0.0012 | t:  36.5516
31600:   0.0030 | a0_loss:   0.0008 | t:  35.1739
31700:   0.0031 | a0_loss:   0.0008 | t:  36.1071
31800:   0.0025 | a0_loss:   0.0006 | t:  36.3047
31900:   0.0037 | a0_loss:   0.0015 | t:  35.7249
32000:   0.0042 | a0_loss:   0.0006 | t:  36.2722
32100:   0.0027 | a0_loss:   0.0005 | t:  34.7178
32200:   0.0033 | a0_loss:   0.0014 | t:  35.1483
32300:   0.0044 | a0_loss:   0.0006 | t:  34.7712
32400:   0.0026 | a0_loss:   0.0006 | t:  35.4006
32500:   0.0030 | a0_loss:   0.0008 | t:  35.4713
32600:   0.0029 | a0_loss:   0.0007 | t:  35.6032
32700:   0.0038 | a0_loss:   0.0007 | t:  35.5913
32800:   0.0036 | a0_loss:   0.0006 | t:  34.6050
32900:   0.0035 | a0_loss:   0.0005 | t:  36.2880
33000:   0.0031 | a0_loss:   0.0007 | t:  36.0691
33100:   0.0035 | a0_loss:   0.0008 | t:  34.9281
33200:   0.0036 | a0_loss:   0.0006 | t:  34.5673
33300:   0.0036 | a0_loss:   0.0009 | t:  34.5807
33400:   0.0054 | a0_loss:   0.0008 | t:  34.9901
