[ utils/colab ] Warning: not importing colab dependencies
[ utils/setup ] Reading config: config.f1tenth:f1tenth
[ utils/setup ] Not using overrides | config: config.f1tenth | dataset: f1tenth
[ utils/setup ] Found extras: ['--prefix', 'diffusion/f1tenth_cap10', '--n_train_steps', '40000']
[ utils/setup ] Overriding config | prefix : diffusion/f1tenth --> diffusion/f1tenth_cap10
[ utils/setup ] Overriding config | n_train_steps : 1000000.0 --> 40000
[ utils/setup ] Setting exp_name to: diffusion/f1tenth_cap10_H128_T20
[ utils/setup ] Made savepath: logs/f1tenth/diffusion/f1tenth_cap10_H128_T20
[ utils/setup ] Saved args to logs/f1tenth/diffusion/f1tenth_cap10_H128_T20/args.json
[ utils/config ] Imported diffuser.datasets:F1tenthSequenceDataset

[utils/config ] Config: <class 'diffuser.datasets.f1tenth.F1tenthSequenceDataset'>
    env: f1tenth
    horizon: 128
    max_path_length: 5839
    normalizer: SafeLimitsNormalizer
    preprocess_fns: []
    use_padding: True

[ utils/config ] Saved config to: logs/f1tenth/diffusion/f1tenth_cap10_H128_T20/dataset_config.pkl

[ utils/config ] Imported diffuser.utils:NullRenderer

[utils/config ] Config: <class 'diffuser.utils.null_renderer.NullRenderer'>
    env: f1tenth

[ utils/config ] Saved config to: logs/f1tenth/diffusion/f1tenth_cap10_H128_T20/render_config.pkl

[ datasets/buffer ] Finalized replay buffer | 30 episodes

                    [ utils/normalization ] Constant data in dimension 0 | max = min = 0.0
[ datasets/buffer ] Fields:
    observations: (30, 5839, 133)
    actions: (30, 5839, 2)
    rewards: (30, 5839, 1)
    terminals: (30, 5839, 1)
    timeouts: (30, 5839, 1)
    normed_observations: (30, 5839, 133)
    normed_actions: (30, 5839, 2)
[ utils/config ] Imported diffuser.models:TemporalUnet

[utils/config ] Config: <class 'diffuser.models.temporal.TemporalUnet'>
    attention: False
    cond_dim: 133
    dim_mults: (1, 4, 8)
    horizon: 128
    transition_dim: 135

[ utils/config ] Saved config to: logs/f1tenth/diffusion/f1tenth_cap10_H128_T20/model_config.pkl

[ utils/config ] Imported diffuser.models:GaussianDiffusion

[utils/config ] Config: <class 'diffuser.models.diffusion.GaussianDiffusion'>
    action_dim: 2
    action_weight: 10
    clip_denoised: True
    horizon: 128
    loss_discount: 1
    loss_type: l2
    loss_weights: None
    n_timesteps: 20
    observation_dim: 133
    predict_epsilon: False

[ utils/config ] Saved config to: logs/f1tenth/diffusion/f1tenth_cap10_H128_T20/diffusion_config.pkl


[utils/config ] Config: <class 'diffuser.utils.training.Trainer'>
    bucket: None
    ema_decay: 0.995
    gradient_accumulate_every: 2
    label_freq: 8000
    n_reference: 8
    results_folder: logs/f1tenth/diffusion/f1tenth_cap10_H128_T20
    sample_freq: 0
    save_freq: 20000
    save_parallel: False
    train_batch_size: 32
    train_lr: 0.0002

[ utils/config ] Saved config to: logs/f1tenth/diffusion/f1tenth_cap10_H128_T20/trainer_config.pkl

[ models/temporal ] Channel dimensions: [(135, 32), (32, 128), (128, 256)]
[(135, 32), (32, 128), (128, 256)]
[ utils/arrays ] Total parameters: 3.71 M
         downs.2.0.blocks.1.block.0.weight: 327.68 k | Conv1d(256, 256, kernel_size=(5,), stride=(1,), padding=(2,))
         downs.2.1.blocks.0.block.0.weight: 327.68 k | Conv1d(256, 256, kernel_size=(5,), stride=(1,), padding=(2,))
         downs.2.1.blocks.1.block.0.weight: 327.68 k | Conv1d(256, 256, kernel_size=(5,), stride=(1,), padding=(2,))
         ups.0.0.blocks.0.block.0.weight: 327.68 k | Conv1d(512, 128, kernel_size=(5,), stride=(1,), padding=(2,))
         mid_block1.blocks.0.block.0.weight: 327.68 k | Conv1d(256, 256, kernel_size=(5,), stride=(1,), padding=(2,))
         mid_block1.blocks.1.block.0.weight: 327.68 k | Conv1d(256, 256, kernel_size=(5,), stride=(1,), padding=(2,))
         mid_block2.blocks.0.block.0.weight: 327.68 k | Conv1d(256, 256, kernel_size=(5,), stride=(1,), padding=(2,))
         mid_block2.blocks.1.block.0.weight: 327.68 k | Conv1d(256, 256, kernel_size=(5,), stride=(1,), padding=(2,))
         downs.2.0.blocks.0.block.0.weight: 163.84 k | Conv1d(128, 256, kernel_size=(5,), stride=(1,), padding=(2,))
         downs.1.0.blocks.1.block.0.weight: 81.92 k | Conv1d(128, 128, kernel_size=(5,), stride=(1,), padding=(2,))
         ... and 138 others accounting for 843.94 k parameters
Testing forward... ✓
Epoch 0 / 4 | logs/f1tenth/diffusion/f1tenth_cap10_H128_T20
[ utils/training ] Saved model to logs/f1tenth/diffusion/f1tenth_cap10_H128_T20/state_0.pt
0:   0.4132 | a0_loss:   0.0534 | t:   0.6758
100:   0.1383 | a0_loss:   0.0354 | t:  35.2885
200:   0.0536 | a0_loss:   0.0221 | t:  35.4678
300:   0.0244 | a0_loss:   0.0252 | t:  35.0602
400:   0.0166 | a0_loss:   0.0139 | t:  35.1376
500:   0.0139 | a0_loss:   0.0202 | t:  34.7419
600:   0.0129 | a0_loss:   0.0190 | t:  34.8453
700:   0.0123 | a0_loss:   0.0157 | t:  34.9794
800:   0.0151 | a0_loss:   0.0130 | t:  35.0267
900:   0.0132 | a0_loss:   0.0119 | t:  34.7972
1000:   0.0131 | a0_loss:   0.0094 | t:  34.5353
1100:   0.0113 | a0_loss:   0.0111 | t:  34.9219
1200:   0.0138 | a0_loss:   0.0141 | t:  34.4074
1300:   0.0102 | a0_loss:   0.0088 | t:  35.1260
1400:   0.0146 | a0_loss:   0.0064 | t:  34.3726
1500:   0.0098 | a0_loss:   0.0090 | t:  34.9169
1600:   0.0121 | a0_loss:   0.0087 | t:  34.6671
1700:   0.0111 | a0_loss:   0.0073 | t:  34.8185
1800:   0.0101 | a0_loss:   0.0067 | t:  34.7459
1900:   0.0111 | a0_loss:   0.0070 | t:  34.4385
2000:   0.0094 | a0_loss:   0.0086 | t:  34.8503
2100:   0.0082 | a0_loss:   0.0072 | t:  34.8368
2200:   0.0120 | a0_loss:   0.0065 | t:  34.5276
2300:   0.0072 | a0_loss:   0.0084 | t:  34.6436
2400:   0.0088 | a0_loss:   0.0047 | t:  34.8706
2500:   0.0090 | a0_loss:   0.0046 | t:  34.7735
2600:   0.0077 | a0_loss:   0.0046 | t:  34.7265
2700:   0.0090 | a0_loss:   0.0039 | t:  34.7721
2800:   0.0076 | a0_loss:   0.0033 | t:  34.8384
2900:   0.0064 | a0_loss:   0.0033 | t:  35.0173
3000:   0.0064 | a0_loss:   0.0032 | t:  34.8514
3100:   0.0068 | a0_loss:   0.0039 | t:  34.7286
3200:   0.0061 | a0_loss:   0.0025 | t:  34.8779
3300:   0.0059 | a0_loss:   0.0035 | t:  34.6753
3400:   0.0065 | a0_loss:   0.0045 | t:  34.6752
3500:   0.0069 | a0_loss:   0.0030 | t:  34.7454
3600:   0.0068 | a0_loss:   0.0021 | t:  34.8456
3700:   0.0054 | a0_loss:   0.0031 | t:  35.0760
3800:   0.0080 | a0_loss:   0.0024 | t:  34.7180
3900:   0.0048 | a0_loss:   0.0028 | t:  34.7284
4000:   0.0074 | a0_loss:   0.0026 | t:  34.9216
4100:   0.0062 | a0_loss:   0.0020 | t:  34.6977
4200:   0.0061 | a0_loss:   0.0011 | t:  34.8945
4300:   0.0045 | a0_loss:   0.0024 | t:  34.7030
4400:   0.0066 | a0_loss:   0.0025 | t:  35.0999
4500:   0.0058 | a0_loss:   0.0026 | t:  35.0745
4600:   0.0096 | a0_loss:   0.0017 | t:  34.8354
4700:   0.0055 | a0_loss:   0.0023 | t:  34.7354
4800:   0.0045 | a0_loss:   0.0019 | t:  34.4986
4900:   0.0038 | a0_loss:   0.0023 | t:  34.2316
5000:   0.0061 | a0_loss:   0.0012 | t:  34.4132
5100:   0.0059 | a0_loss:   0.0017 | t:  34.2254
5200:   0.0051 | a0_loss:   0.0014 | t:  34.7125
5300:   0.0055 | a0_loss:   0.0018 | t:  34.2162
5400:   0.0068 | a0_loss:   0.0009 | t:  34.5833
5500:   0.0047 | a0_loss:   0.0013 | t:  34.7405
5600:   0.0052 | a0_loss:   0.0011 | t:  34.9154
5700:   0.0050 | a0_loss:   0.0024 | t:  35.0074
5800:   0.0049 | a0_loss:   0.0010 | t:  34.6360
5900:   0.0081 | a0_loss:   0.0016 | t:  35.1931
6000:   0.0055 | a0_loss:   0.0020 | t:  35.5939
6100:   0.0073 | a0_loss:   0.0020 | t:  34.7775
6200:   0.0048 | a0_loss:   0.0030 | t:  34.7913
6300:   0.0057 | a0_loss:   0.0013 | t:  34.5059
6400:   0.0055 | a0_loss:   0.0025 | t:  34.7046
6500:   0.0060 | a0_loss:   0.0023 | t:  34.8994
6600:   0.0051 | a0_loss:   0.0015 | t:  34.5887
6700:   0.0045 | a0_loss:   0.0011 | t:  34.4400
6800:   0.0068 | a0_loss:   0.0028 | t:  34.1557
6900:   0.0043 | a0_loss:   0.0017 | t:  34.3120
7000:   0.0042 | a0_loss:   0.0019 | t:  34.3006
7100:   0.0048 | a0_loss:   0.0021 | t:  34.1421
7200:   0.0050 | a0_loss:   0.0026 | t:  34.1816
7300:   0.0057 | a0_loss:   0.0021 | t:  34.1091
7400:   0.0057 | a0_loss:   0.0024 | t:  34.2880
7500:   0.0061 | a0_loss:   0.0008 | t:  34.1671
7600:   0.0051 | a0_loss:   0.0021 | t:  34.1421
7700:   0.0042 | a0_loss:   0.0018 | t:  34.1077
7800:   0.0030 | a0_loss:   0.0017 | t:  34.3461
7900:   0.0046 | a0_loss:   0.0012 | t:  34.3119
8000:   0.0054 | a0_loss:   0.0016 | t:  34.2285
8100:   0.0051 | a0_loss:   0.0023 | t:  34.1452
8200:   0.0045 | a0_loss:   0.0025 | t:  35.0366
8300:   0.0038 | a0_loss:   0.0020 | t:  34.3697
8400:   0.0046 | a0_loss:   0.0016 | t:  34.2016
8500:   0.0036 | a0_loss:   0.0017 | t:  34.1232
8600:   0.0053 | a0_loss:   0.0035 | t:  34.3674
8700:   0.0041 | a0_loss:   0.0016 | t:  34.3330
8800:   0.0053 | a0_loss:   0.0012 | t:  34.4111
8900:   0.0039 | a0_loss:   0.0013 | t:  34.1795
9000:   0.0046 | a0_loss:   0.0012 | t:  34.2685
9100:   0.0046 | a0_loss:   0.0021 | t:  34.1194
9200:   0.0047 | a0_loss:   0.0011 | t:  34.2385
9300:   0.0040 | a0_loss:   0.0011 | t:  34.1973
9400:   0.0045 | a0_loss:   0.0012 | t:  34.5396
9500:   0.0053 | a0_loss:   0.0014 | t:  34.7879
9600:   0.0040 | a0_loss:   0.0009 | t:  34.3287
9700:   0.0045 | a0_loss:   0.0014 | t:  33.8310
9800:   0.0057 | a0_loss:   0.0015 | t:  34.1472
9900:   0.0053 | a0_loss:   0.0010 | t:  33.8885
Epoch 1 / 4 | logs/f1tenth/diffusion/f1tenth_cap10_H128_T20
10000:   0.0050 | a0_loss:   0.0010 | t:   0.4672
10100:   0.0052 | a0_loss:   0.0010 | t:  33.9434
10200:   0.0057 | a0_loss:   0.0018 | t:  33.9967
10300:   0.0031 | a0_loss:   0.0015 | t:  33.8136
10400:   0.0042 | a0_loss:   0.0011 | t:  34.1375
10500:   0.0041 | a0_loss:   0.0019 | t:  34.3150
10600:   0.0044 | a0_loss:   0.0014 | t:  34.4058
10700:   0.0061 | a0_loss:   0.0016 | t:  34.8449
10800:   0.0040 | a0_loss:   0.0012 | t:  34.7885
10900:   0.0044 | a0_loss:   0.0008 | t:  34.6350
11000:   0.0049 | a0_loss:   0.0013 | t:  34.8479
11100:   0.0042 | a0_loss:   0.0019 | t:  34.5436
11200:   0.0039 | a0_loss:   0.0011 | t:  34.9569
11300:   0.0053 | a0_loss:   0.0009 | t:  35.0446
11400:   0.0036 | a0_loss:   0.0013 | t:  34.6517
11500:   0.0048 | a0_loss:   0.0013 | t:  34.7389
11600:   0.0057 | a0_loss:   0.0031 | t:  34.6822
11700:   0.0042 | a0_loss:   0.0013 | t:  34.5997
11800:   0.0034 | a0_loss:   0.0018 | t:  34.7793
11900:   0.0048 | a0_loss:   0.0014 | t:  34.7600
12000:   0.0052 | a0_loss:   0.0013 | t:  35.4510
12100:   0.0040 | a0_loss:   0.0009 | t:  34.8748
12200:   0.0044 | a0_loss:   0.0015 | t:  34.7654
12300:   0.0050 | a0_loss:   0.0012 | t:  34.7268
12400:   0.0041 | a0_loss:   0.0009 | t:  34.8905
12500:   0.0033 | a0_loss:   0.0019 | t:  34.8215
12600:   0.0042 | a0_loss:   0.0008 | t:  34.9572
12700:   0.0044 | a0_loss:   0.0069 | t:  34.8978
12800:   0.0046 | a0_loss:   0.0008 | t:  34.7616
12900:   0.0031 | a0_loss:   0.0011 | t:  34.6537
13000:   0.0043 | a0_loss:   0.0014 | t:  34.6564
13100:   0.0061 | a0_loss:   0.0007 | t:  34.4973
13200:   0.0052 | a0_loss:   0.0010 | t:  34.9989
13300:   0.0046 | a0_loss:   0.0010 | t:  34.7045
13400:   0.0069 | a0_loss:   0.0012 | t:  34.7593
13500:   0.0040 | a0_loss:   0.0014 | t:  34.9493
13600:   0.0044 | a0_loss:   0.0018 | t:  34.5516
13700:   0.0038 | a0_loss:   0.0010 | t:  34.7733
13800:   0.0053 | a0_loss:   0.0018 | t:  34.6592
13900:   0.0052 | a0_loss:   0.0010 | t:  34.6358
14000:   0.0038 | a0_loss:   0.0009 | t:  34.2677
14100:   0.0047 | a0_loss:   0.0015 | t:  34.2670
14200:   0.0050 | a0_loss:   0.0014 | t:  34.3160
14300:   0.0035 | a0_loss:   0.0011 | t:  34.1078
14400:   0.0041 | a0_loss:   0.0015 | t:  34.1442
14500:   0.0048 | a0_loss:   0.0014 | t:  34.7380
14600:   0.0052 | a0_loss:   0.0007 | t:  34.7757
14700:   0.0040 | a0_loss:   0.0018 | t:  34.8231
14800:   0.0040 | a0_loss:   0.0014 | t:  34.5913
14900:   0.0049 | a0_loss:   0.0020 | t:  34.9549
15000:   0.0032 | a0_loss:   0.0006 | t:  34.7542
15100:   0.0035 | a0_loss:   0.0013 | t:  35.1880
15200:   0.0053 | a0_loss:   0.0011 | t:  34.6765
15300:   0.0037 | a0_loss:   0.0010 | t:  34.4599
15400:   0.0051 | a0_loss:   0.0010 | t:  34.9003
15500:   0.0041 | a0_loss:   0.0013 | t:  34.6671
15600:   0.0031 | a0_loss:   0.0009 | t:  34.1572
15700:   0.0041 | a0_loss:   0.0013 | t:  34.1832
15800:   0.0040 | a0_loss:   0.0009 | t:  34.2466
15900:   0.0041 | a0_loss:   0.0015 | t:  34.3126
16000:   0.0032 | a0_loss:   0.0009 | t:  35.4231
16100:   0.0038 | a0_loss:   0.0010 | t:  35.2665
16200:   0.0043 | a0_loss:   0.0011 | t:  34.8860
16300:   0.0044 | a0_loss:   0.0012 | t:  34.7697
16400:   0.0044 | a0_loss:   0.0017 | t:  34.8679
16500:   0.0032 | a0_loss:   0.0005 | t:  35.0607
16600:   0.0054 | a0_loss:   0.0009 | t:  35.0071
16700:   0.0029 | a0_loss:   0.0015 | t:  35.2000
16800:   0.0051 | a0_loss:   0.0019 | t:  34.2717
16900:   0.0040 | a0_loss:   0.0006 | t:  34.5654
17000:   0.0044 | a0_loss:   0.0010 | t:  34.4944
17100:   0.0032 | a0_loss:   0.0008 | t:  34.4657
17200:   0.0042 | a0_loss:   0.0008 | t:  34.4633
17300:   0.0035 | a0_loss:   0.0011 | t:  34.9207
17400:   0.0044 | a0_loss:   0.0011 | t:  34.6890
