[ utils/colab ] Warning: not importing colab dependencies
[ utils/setup ] Reading config: config.f1tenth:f1tenth
[ utils/setup ] Not using overrides | config: config.f1tenth | dataset: f1tenth
[ utils/setup ] Found extras: ['--prefix', 'diffusion/f1tenth_cap10', '--n_train_steps', '40000', '--save_freq', '2000', '--n_saves', '20']
[ utils/setup ] Overriding config | prefix : diffusion/f1tenth --> diffusion/f1tenth_cap10
[ utils/setup ] Overriding config | n_train_steps : 1000000.0 --> 40000
[ utils/setup ] Overriding config | save_freq : 2000 --> 2000
[ utils/setup ] Overriding config | n_saves : 20 --> 20
[ utils/setup ] Setting exp_name to: diffusion/f1tenth_cap10_H128_T20
[ utils/setup ] Saved args to logs/f1tenth/diffusion/f1tenth_cap10_H128_T20/args.json
[ utils/config ] Imported diffuser.datasets:F1tenthSequenceDataset

[utils/config ] Config: <class 'diffuser.datasets.f1tenth.F1tenthSequenceDataset'>
    env: f1tenth
    horizon: 128
    max_path_length: 5839
    normalizer: SafeLimitsNormalizer
    preprocess_fns: []
    use_padding: True

[ utils/config ] Saved config to: logs/f1tenth/diffusion/f1tenth_cap10_H128_T20/dataset_config.pkl

[ utils/config ] Imported diffuser.utils:NullRenderer

[utils/config ] Config: <class 'diffuser.utils.null_renderer.NullRenderer'>
    env: f1tenth

[ utils/config ] Saved config to: logs/f1tenth/diffusion/f1tenth_cap10_H128_T20/render_config.pkl

[ datasets/buffer ] Finalized replay buffer | 30 episodes

                    [ utils/normalization ] Constant data in dimension 0 | max = min = 0.0
[ datasets/buffer ] Fields:
    observations: (30, 5839, 133)
    actions: (30, 5839, 2)
    rewards: (30, 5839, 1)
    terminals: (30, 5839, 1)
    timeouts: (30, 5839, 1)
    normed_observations: (30, 5839, 133)
    normed_actions: (30, 5839, 2)
[ utils/config ] Imported diffuser.models:TemporalUnet

[utils/config ] Config: <class 'diffuser.models.temporal.TemporalUnet'>
    attention: False
    cond_dim: 133
    dim_mults: (1, 4, 8)
    horizon: 128
    transition_dim: 135

[ utils/config ] Saved config to: logs/f1tenth/diffusion/f1tenth_cap10_H128_T20/model_config.pkl

[ utils/config ] Imported diffuser.models:GaussianDiffusion

[utils/config ] Config: <class 'diffuser.models.diffusion.GaussianDiffusion'>
    action_dim: 2
    action_weight: 10
    clip_denoised: True
    horizon: 128
    loss_discount: 1
    loss_type: l2
    loss_weights: None
    n_timesteps: 20
    observation_dim: 133
    predict_epsilon: False

[ utils/config ] Saved config to: logs/f1tenth/diffusion/f1tenth_cap10_H128_T20/diffusion_config.pkl


[utils/config ] Config: <class 'diffuser.utils.training.Trainer'>
    bucket: None
    ema_decay: 0.995
    gradient_accumulate_every: 2
    label_freq: 2000
    n_reference: 8
    results_folder: logs/f1tenth/diffusion/f1tenth_cap10_H128_T20
    sample_freq: 0
    save_freq: 2000
    save_parallel: False
    train_batch_size: 32
    train_lr: 0.0002

[ utils/config ] Saved config to: logs/f1tenth/diffusion/f1tenth_cap10_H128_T20/trainer_config.pkl

[ models/temporal ] Channel dimensions: [(135, 32), (32, 128), (128, 256)]
[(135, 32), (32, 128), (128, 256)]
[ utils/arrays ] Total parameters: 3.71 M
         downs.2.0.blocks.1.block.0.weight: 327.68 k | Conv1d(256, 256, kernel_size=(5,), stride=(1,), padding=(2,))
         downs.2.1.blocks.0.block.0.weight: 327.68 k | Conv1d(256, 256, kernel_size=(5,), stride=(1,), padding=(2,))
         downs.2.1.blocks.1.block.0.weight: 327.68 k | Conv1d(256, 256, kernel_size=(5,), stride=(1,), padding=(2,))
         ups.0.0.blocks.0.block.0.weight: 327.68 k | Conv1d(512, 128, kernel_size=(5,), stride=(1,), padding=(2,))
         mid_block1.blocks.0.block.0.weight: 327.68 k | Conv1d(256, 256, kernel_size=(5,), stride=(1,), padding=(2,))
         mid_block1.blocks.1.block.0.weight: 327.68 k | Conv1d(256, 256, kernel_size=(5,), stride=(1,), padding=(2,))
         mid_block2.blocks.0.block.0.weight: 327.68 k | Conv1d(256, 256, kernel_size=(5,), stride=(1,), padding=(2,))
         mid_block2.blocks.1.block.0.weight: 327.68 k | Conv1d(256, 256, kernel_size=(5,), stride=(1,), padding=(2,))
         downs.2.0.blocks.0.block.0.weight: 163.84 k | Conv1d(128, 256, kernel_size=(5,), stride=(1,), padding=(2,))
         downs.1.0.blocks.1.block.0.weight: 81.92 k | Conv1d(128, 128, kernel_size=(5,), stride=(1,), padding=(2,))
         ... and 138 others accounting for 843.94 k parameters
Testing forward... ✓
Epoch 0 / 4 | logs/f1tenth/diffusion/f1tenth_cap10_H128_T20
[ utils/training ] Saved model to logs/f1tenth/diffusion/f1tenth_cap10_H128_T20/state_0.pt
0:   0.4254 | a0_loss:   0.0655 | t:   0.6699
100:   0.1515 | a0_loss:   0.0218 | t:  34.4764
200:   0.0499 | a0_loss:   0.0203 | t:  34.5370
300:   0.0238 | a0_loss:   0.0248 | t:  34.6970
400:   0.0169 | a0_loss:   0.0215 | t:  34.5639
500:   0.0145 | a0_loss:   0.0219 | t:  34.5179
600:   0.0141 | a0_loss:   0.0212 | t:  34.2417
700:   0.0153 | a0_loss:   0.0190 | t:  34.5347
800:   0.0118 | a0_loss:   0.0167 | t:  34.4323
900:   0.0130 | a0_loss:   0.0107 | t:  34.8247
1000:   0.0159 | a0_loss:   0.0146 | t:  35.0234
1100:   0.0114 | a0_loss:   0.0085 | t:  34.5175
1200:   0.0134 | a0_loss:   0.0085 | t:  34.5797
1300:   0.0108 | a0_loss:   0.0081 | t:  34.6895
1400:   0.0107 | a0_loss:   0.0087 | t:  34.2993
1500:   0.0122 | a0_loss:   0.0102 | t:  34.5810
1600:   0.0112 | a0_loss:   0.0084 | t:  34.3103
1700:   0.0101 | a0_loss:   0.0044 | t:  34.6477
1800:   0.0097 | a0_loss:   0.0070 | t:  34.8583
1900:   0.0108 | a0_loss:   0.0082 | t:  34.8769
[ utils/training ] Saved model to logs/f1tenth/diffusion/f1tenth_cap10_H128_T20/state_2000.pt
2000:   0.0094 | a0_loss:   0.0093 | t:  34.7095
2100:   0.0081 | a0_loss:   0.0047 | t:  34.6887
2200:   0.0081 | a0_loss:   0.0058 | t:  34.6032
2300:   0.0073 | a0_loss:   0.0034 | t:  34.8469
2400:   0.0085 | a0_loss:   0.0043 | t:  34.9281
2500:   0.0071 | a0_loss:   0.0114 | t:  34.8197
2600:   0.0079 | a0_loss:   0.0047 | t:  34.6422
2700:   0.0069 | a0_loss:   0.0060 | t:  34.5357
2800:   0.0077 | a0_loss:   0.0053 | t:  34.5118
2900:   0.0070 | a0_loss:   0.0046 | t:  34.2300
3000:   0.0071 | a0_loss:   0.0043 | t:  34.2284
3100:   0.0055 | a0_loss:   0.0033 | t:  34.7221
3200:   0.0075 | a0_loss:   0.0039 | t:  34.4530
3300:   0.0069 | a0_loss:   0.0021 | t:  34.4754
3400:   0.0070 | a0_loss:   0.0021 | t:  34.3318
3500:   0.0070 | a0_loss:   0.0033 | t:  34.8256
3600:   0.0071 | a0_loss:   0.0031 | t:  34.5691
3700:   0.0070 | a0_loss:   0.0033 | t:  34.4378
3800:   0.0052 | a0_loss:   0.0019 | t:  34.6527
3900:   0.0055 | a0_loss:   0.0020 | t:  34.5733
[ utils/training ] Saved model to logs/f1tenth/diffusion/f1tenth_cap10_H128_T20/state_4000.pt
4000:   0.0063 | a0_loss:   0.0031 | t:  34.8115
4100:   0.0067 | a0_loss:   0.0034 | t:  34.8305
4200:   0.0064 | a0_loss:   0.0021 | t:  34.3990
4300:   0.0070 | a0_loss:   0.0016 | t:  34.2311
4400:   0.0083 | a0_loss:   0.0010 | t:  34.7693
4500:   0.0061 | a0_loss:   0.0015 | t:  34.6371
4600:   0.0049 | a0_loss:   0.0013 | t:  35.8059
4700:   0.0057 | a0_loss:   0.0022 | t:  34.5621
4800:   0.0049 | a0_loss:   0.0015 | t:  34.3751
4900:   0.0050 | a0_loss:   0.0019 | t:  34.5033
5000:   0.0059 | a0_loss:   0.0024 | t:  34.2803
5100:   0.0067 | a0_loss:   0.0014 | t:  34.2948
5200:   0.0056 | a0_loss:   0.0014 | t:  33.9676
5300:   0.0052 | a0_loss:   0.0017 | t:  34.2644
5400:   0.0046 | a0_loss:   0.0015 | t:  34.6462
5500:   0.0050 | a0_loss:   0.0013 | t:  34.8515
5600:   0.0054 | a0_loss:   0.0017 | t:  34.4965
5700:   0.0045 | a0_loss:   0.0010 | t:  34.5751
5800:   0.0050 | a0_loss:   0.0022 | t:  35.5116
5900:   0.0053 | a0_loss:   0.0009 | t:  34.5496
[ utils/training ] Saved model to logs/f1tenth/diffusion/f1tenth_cap10_H128_T20/state_6000.pt
6000:   0.0050 | a0_loss:   0.0023 | t:  34.7677
6100:   0.0052 | a0_loss:   0.0013 | t:  35.5459
6200:   0.0075 | a0_loss:   0.0016 | t:  34.6920
6300:   0.0062 | a0_loss:   0.0014 | t:  34.4494
6400:   0.0043 | a0_loss:   0.0016 | t:  34.0012
6500:   0.0046 | a0_loss:   0.0012 | t:  35.5216
6600:   0.0040 | a0_loss:   0.0008 | t:  34.9691
6700:   0.0061 | a0_loss:   0.0025 | t:  34.9209
6800:   0.0033 | a0_loss:   0.0009 | t:  33.9222
6900:   0.0055 | a0_loss:   0.0011 | t:  34.3706
7000:   0.0053 | a0_loss:   0.0021 | t:  36.0470
7100:   0.0065 | a0_loss:   0.0014 | t:  35.0600
7200:   0.0052 | a0_loss:   0.0011 | t:  35.0502
7300:   0.0052 | a0_loss:   0.0029 | t:  35.0402
7400:   0.0045 | a0_loss:   0.0016 | t:  34.8329
7500:   0.0049 | a0_loss:   0.0008 | t:  34.6375
7600:   0.0055 | a0_loss:   0.0021 | t:  35.8950
7700:   0.0049 | a0_loss:   0.0009 | t:  35.2904
7800:   0.0048 | a0_loss:   0.0010 | t:  35.7472
7900:   0.0041 | a0_loss:   0.0013 | t:  36.2366
[ utils/training ] Saved model to logs/f1tenth/diffusion/f1tenth_cap10_H128_T20/state_8000.pt
8000:   0.0058 | a0_loss:   0.0013 | t:  36.9111
8100:   0.0045 | a0_loss:   0.0007 | t:  36.5602
