[ utils/colab ] Warning: not importing colab dependencies
[ utils/setup ] Reading config: config.f1tenth:f1tenth
[ utils/setup ] Not using overrides | config: config.f1tenth | dataset: f1tenth
[ utils/setup ] Found extras: ['--prefix', 'diffusion/f1tenth_cap10', '--n_train_steps', '40000']
[ utils/setup ] Overriding config | prefix : diffusion/f1tenth --> diffusion/f1tenth_cap10
[ utils/setup ] Overriding config | n_train_steps : 1000000.0 --> 40000
[ utils/setup ] Setting exp_name to: diffusion/f1tenth_cap10_H128_T20
[ utils/setup ] Saved args to logs/f1tenth/diffusion/f1tenth_cap10_H128_T20/args.json
[ utils/config ] Imported diffuser.datasets:F1tenthSequenceDataset

[utils/config ] Config: <class 'diffuser.datasets.f1tenth.F1tenthSequenceDataset'>
    env: f1tenth
    horizon: 128
    max_path_length: 5839
    normalizer: SafeLimitsNormalizer
    preprocess_fns: []
    use_padding: True

[ utils/config ] Saved config to: logs/f1tenth/diffusion/f1tenth_cap10_H128_T20/dataset_config.pkl

[ utils/config ] Imported diffuser.utils:NullRenderer

[utils/config ] Config: <class 'diffuser.utils.null_renderer.NullRenderer'>
    env: f1tenth

[ utils/config ] Saved config to: logs/f1tenth/diffusion/f1tenth_cap10_H128_T20/render_config.pkl

[ datasets/buffer ] Finalized replay buffer | 30 episodes

                    [ utils/normalization ] Constant data in dimension 0 | max = min = 0.0
[ datasets/buffer ] Fields:
    observations: (30, 5839, 133)
    actions: (30, 5839, 2)
    rewards: (30, 5839, 1)
    terminals: (30, 5839, 1)
    timeouts: (30, 5839, 1)
    normed_observations: (30, 5839, 133)
    normed_actions: (30, 5839, 2)
[ utils/config ] Imported diffuser.models:TemporalUnet

[utils/config ] Config: <class 'diffuser.models.temporal.TemporalUnet'>
    attention: False
    cond_dim: 133
    dim_mults: (1, 4, 8)
    horizon: 128
    transition_dim: 135

[ utils/config ] Saved config to: logs/f1tenth/diffusion/f1tenth_cap10_H128_T20/model_config.pkl

[ utils/config ] Imported diffuser.models:GaussianDiffusion

[utils/config ] Config: <class 'diffuser.models.diffusion.GaussianDiffusion'>
    action_dim: 2
    action_weight: 10
    clip_denoised: True
    horizon: 128
    loss_discount: 1
    loss_type: l2
    loss_weights: None
    n_timesteps: 20
    observation_dim: 133
    predict_epsilon: False

[ utils/config ] Saved config to: logs/f1tenth/diffusion/f1tenth_cap10_H128_T20/diffusion_config.pkl


[utils/config ] Config: <class 'diffuser.utils.training.Trainer'>
    bucket: None
    ema_decay: 0.995
    gradient_accumulate_every: 2
    label_freq: 8000
    n_reference: 8
    results_folder: logs/f1tenth/diffusion/f1tenth_cap10_H128_T20
    sample_freq: 0
    save_freq: 20000
    save_parallel: False
    train_batch_size: 32
    train_lr: 0.0002

[ utils/config ] Saved config to: logs/f1tenth/diffusion/f1tenth_cap10_H128_T20/trainer_config.pkl

[ models/temporal ] Channel dimensions: [(135, 32), (32, 128), (128, 256)]
[(135, 32), (32, 128), (128, 256)]
[ utils/arrays ] Total parameters: 3.71 M
         downs.2.0.blocks.1.block.0.weight: 327.68 k | Conv1d(256, 256, kernel_size=(5,), stride=(1,), padding=(2,))
         downs.2.1.blocks.0.block.0.weight: 327.68 k | Conv1d(256, 256, kernel_size=(5,), stride=(1,), padding=(2,))
         downs.2.1.blocks.1.block.0.weight: 327.68 k | Conv1d(256, 256, kernel_size=(5,), stride=(1,), padding=(2,))
         ups.0.0.blocks.0.block.0.weight: 327.68 k | Conv1d(512, 128, kernel_size=(5,), stride=(1,), padding=(2,))
         mid_block1.blocks.0.block.0.weight: 327.68 k | Conv1d(256, 256, kernel_size=(5,), stride=(1,), padding=(2,))
         mid_block1.blocks.1.block.0.weight: 327.68 k | Conv1d(256, 256, kernel_size=(5,), stride=(1,), padding=(2,))
         mid_block2.blocks.0.block.0.weight: 327.68 k | Conv1d(256, 256, kernel_size=(5,), stride=(1,), padding=(2,))
         mid_block2.blocks.1.block.0.weight: 327.68 k | Conv1d(256, 256, kernel_size=(5,), stride=(1,), padding=(2,))
         downs.2.0.blocks.0.block.0.weight: 163.84 k | Conv1d(128, 256, kernel_size=(5,), stride=(1,), padding=(2,))
         downs.1.0.blocks.1.block.0.weight: 81.92 k | Conv1d(128, 128, kernel_size=(5,), stride=(1,), padding=(2,))
         ... and 138 others accounting for 843.94 k parameters
Testing forward... ✓
Epoch 0 / 4 | logs/f1tenth/diffusion/f1tenth_cap10_H128_T20
[ utils/training ] Saved model to logs/f1tenth/diffusion/f1tenth_cap10_H128_T20/state_0.pt
0:   0.4413 | a0_loss:   0.0513 | t:   0.8307
100:   0.1511 | a0_loss:   0.0328 | t:  34.8925
200:   0.0580 | a0_loss:   0.0211 | t:  34.7795
300:   0.0232 | a0_loss:   0.0254 | t:  35.7479
400:   0.0164 | a0_loss:   0.0162 | t:  35.0888
500:   0.0155 | a0_loss:   0.0177 | t:  34.8043
600:   0.0141 | a0_loss:   0.0193 | t:  35.3693
700:   0.0153 | a0_loss:   0.0137 | t:  35.4140
800:   0.0139 | a0_loss:   0.0166 | t:  35.8203
900:   0.0137 | a0_loss:   0.0132 | t:  35.7763
1000:   0.0136 | a0_loss:   0.0112 | t:  35.3374
1100:   0.0126 | a0_loss:   0.0129 | t:  34.9590
1200:   0.0103 | a0_loss:   0.0145 | t:  34.7062
1300:   0.0117 | a0_loss:   0.0092 | t:  34.4760
1400:   0.0092 | a0_loss:   0.0078 | t:  36.1191
1500:   0.0112 | a0_loss:   0.0066 | t:  34.9394
1600:   0.0109 | a0_loss:   0.0051 | t:  35.0385
